<?xml version="1.0" encoding="UTF-8"?>
<!-- Generated by org.testng.reporters.JUnitReportReporter -->
<testsuite hostname="UFSG-RONWALDSANDOVAL" name="TestCases.TMS_LoginToDP" tests="2" failures="0" timestamp="7 Oct 2019 09:29:35 GMT" time="40.460" errors="0">
  <testcase name="TestGooglePage" time="17.219" classname="TestCases.TMS_LoginToDP"/>
  <testcase name="TestLoginToDP" time="23.241" classname="TestCases.TMS_LoginToDP"/>
</testsuite> <!-- TestCases.TMS_LoginToDP -->
